0 info it worked if it ends with ok
1 verbose cli [ 'D:\\Program Files (x86)\\nodejs\\node.exe',
1 verbose cli   'D:\\ProgramData\\NodeJS\\nvm\\npm\\node_modules\\npm\\bin\\npm-cli.js',
1 verbose cli   'start' ]
2 info using npm@4.0.5
3 info using node@v6.2.0
4 verbose run-script [ 'prestart', 'start', 'poststart' ]
5 info lifecycle angular-boilerplate@1.0.0~prestart: angular-boilerplate@1.0.0
6 verbose lifecycle angular-boilerplate@1.0.0~prestart: unsafe-perm in lifecycle true
7 verbose lifecycle angular-boilerplate@1.0.0~prestart: PATH: D:\ProgramData\NodeJS\nvm\npm\node_modules\npm\bin\node-gyp-bin;D:\ProgramData\angular\movicecate-new\node_modules\.bin;C:\Program Files (x86)\Intel\iCLS Client\;C:\Program Files\Intel\iCLS Client\;C:\Windows\system32;C:\Windows;C:\Windows\System32\Wbem;C:\Windows\System32\WindowsPowerShell\v1.0\;C:\Program Files (x86)\Intel\Intel(R) Management Engine Components\DAL;C:\Program Files\Intel\Intel(R) Management Engine Components\DAL;C:\Program Files (x86)\Intel\Intel(R) Management Engine Components\IPT;C:\Program Files\Intel\Intel(R) Management Engine Components\IPT;C:\Program Files (x86)\NVIDIA Corporation\PhysX\Common;C:\Program Files\Intel\WiFi\bin\;C:\Program Files\Common Files\Intel\WirelessCommon\;C:\WINDOWS\system32;C:\WINDOWS;C:\WINDOWS\System32\Wbem;C:\WINDOWS\System32\WindowsPowerShell\v1.0\;C:\Program Files (x86)\Microsoft ASP.NET\ASP.NET Web Pages\v1.0\;C:\Program Files (x86)\Windows Kits\8.0\Windows Performance Toolkit\;C:\Program Files\Microsoft SQL Server\110\Tools\Binn\;C:\Program Files (x86)\MySQL\MySQL Server 5.1\bin;C:\Program Files\Microsoft\Web Platform Installer\;D:\Program Files (x86)\nodejs\;D:\Program Fil;D:\Program Files (x86)\Java\jdk1.7.0_80\bin;D:\Program Files (x86)\Git\bin;D:\Program Files (x86)\Android\tools;D:\Program Files (x86)\Android\platform-tools;D:\ProgramData\NodeJS\nvm\npm;D:\Program Files\TortoiseGit\bin;C:\Program Files\Microsoft SQL Server\Client SDK\ODBC\110\Tools\Binn\;C:\Program Files (x86)\Microsoft SQL Server\120\Tools\Binn\;C:\Program Files\Microsoft SQL Server\120\Tools\Binn\;C:\Program Files\Microsoft SQL Server\120\DTS\Binn\;C:\Program Files (x86)\Microsoft SQL Server\120\Tools\Binn\ManagementStudio\;C:\Program Files (x86)\Microsoft SQL Server\120\DTS\Binn\;C:\Users\wll\AppData\Local\Microsoft\WindowsApps;C:\Users\wll\AppData\Roaming\npm;D:\ProgramData\NodeJS\nvm;D:\ProgramData\NodeJS\app;D:\Program Files (x86)\Microsoft VS Code\bin
8 verbose lifecycle angular-boilerplate@1.0.0~prestart: CWD: D:\ProgramData\angular\movicecate-new
9 silly lifecycle angular-boilerplate@1.0.0~prestart: Args: [ '/d /s /c', 'npm install' ]
10 silly lifecycle angular-boilerplate@1.0.0~prestart: Returned: code: 0  signal: null
11 info lifecycle angular-boilerplate@1.0.0~start: angular-boilerplate@1.0.0
12 verbose lifecycle angular-boilerplate@1.0.0~start: unsafe-perm in lifecycle true
13 verbose lifecycle angular-boilerplate@1.0.0~start: PATH: D:\ProgramData\NodeJS\nvm\npm\node_modules\npm\bin\node-gyp-bin;D:\ProgramData\angular\movicecate-new\node_modules\.bin;C:\Program Files (x86)\Intel\iCLS Client\;C:\Program Files\Intel\iCLS Client\;C:\Windows\system32;C:\Windows;C:\Windows\System32\Wbem;C:\Windows\System32\WindowsPowerShell\v1.0\;C:\Program Files (x86)\Intel\Intel(R) Management Engine Components\DAL;C:\Program Files\Intel\Intel(R) Management Engine Components\DAL;C:\Program Files (x86)\Intel\Intel(R) Management Engine Components\IPT;C:\Program Files\Intel\Intel(R) Management Engine Components\IPT;C:\Program Files (x86)\NVIDIA Corporation\PhysX\Common;C:\Program Files\Intel\WiFi\bin\;C:\Program Files\Common Files\Intel\WirelessCommon\;C:\WINDOWS\system32;C:\WINDOWS;C:\WINDOWS\System32\Wbem;C:\WINDOWS\System32\WindowsPowerShell\v1.0\;C:\Program Files (x86)\Microsoft ASP.NET\ASP.NET Web Pages\v1.0\;C:\Program Files (x86)\Windows Kits\8.0\Windows Performance Toolkit\;C:\Program Files\Microsoft SQL Server\110\Tools\Binn\;C:\Program Files (x86)\MySQL\MySQL Server 5.1\bin;C:\Program Files\Microsoft\Web Platform Installer\;D:\Program Files (x86)\nodejs\;D:\Program Fil;D:\Program Files (x86)\Java\jdk1.7.0_80\bin;D:\Program Files (x86)\Git\bin;D:\Program Files (x86)\Android\tools;D:\Program Files (x86)\Android\platform-tools;D:\ProgramData\NodeJS\nvm\npm;D:\Program Files\TortoiseGit\bin;C:\Program Files\Microsoft SQL Server\Client SDK\ODBC\110\Tools\Binn\;C:\Program Files (x86)\Microsoft SQL Server\120\Tools\Binn\;C:\Program Files\Microsoft SQL Server\120\Tools\Binn\;C:\Program Files\Microsoft SQL Server\120\DTS\Binn\;C:\Program Files (x86)\Microsoft SQL Server\120\Tools\Binn\ManagementStudio\;C:\Program Files (x86)\Microsoft SQL Server\120\DTS\Binn\;C:\Users\wll\AppData\Local\Microsoft\WindowsApps;C:\Users\wll\AppData\Roaming\npm;D:\ProgramData\NodeJS\nvm;D:\ProgramData\NodeJS\app;D:\Program Files (x86)\Microsoft VS Code\bin
14 verbose lifecycle angular-boilerplate@1.0.0~start: CWD: D:\ProgramData\angular\movicecate-new
15 silly lifecycle angular-boilerplate@1.0.0~start: Args: [ '/d /s /c', 'hs -a localhost -p 9000 -o' ]
16 silly lifecycle angular-boilerplate@1.0.0~start: Returned: code: 3221225786  signal: null
17 info lifecycle angular-boilerplate@1.0.0~start: Failed to exec start script
18 verbose stack Error: angular-boilerplate@1.0.0 start: `hs -a localhost -p 9000 -o`
18 verbose stack Exit status 3221225786
18 verbose stack     at EventEmitter.<anonymous> (D:\ProgramData\NodeJS\nvm\npm\node_modules\npm\lib\utils\lifecycle.js:279:16)
18 verbose stack     at emitTwo (events.js:106:13)
18 verbose stack     at EventEmitter.emit (events.js:191:7)
18 verbose stack     at ChildProcess.<anonymous> (D:\ProgramData\NodeJS\nvm\npm\node_modules\npm\lib\utils\spawn.js:40:14)
18 verbose stack     at emitTwo (events.js:106:13)
18 verbose stack     at ChildProcess.emit (events.js:191:7)
18 verbose stack     at maybeClose (internal/child_process.js:850:16)
18 verbose stack     at Process.ChildProcess._handle.onexit (internal/child_process.js:215:5)
19 verbose pkgid angular-boilerplate@1.0.0
20 verbose cwd D:\ProgramData\angular\movicecate-new
21 error Windows_NT 10.0.14393
22 error argv "D:\\Program Files (x86)\\nodejs\\node.exe" "D:\\ProgramData\\NodeJS\\nvm\\npm\\node_modules\\npm\\bin\\npm-cli.js" "start"
23 error node v6.2.0
24 error npm  v4.0.5
25 error code ELIFECYCLE
26 error angular-boilerplate@1.0.0 start: `hs -a localhost -p 9000 -o`
26 error Exit status 3221225786
27 error Failed at the angular-boilerplate@1.0.0 start script 'hs -a localhost -p 9000 -o'.
27 error Make sure you have the latest version of node.js and npm installed.
27 error If you do, this is most likely a problem with the angular-boilerplate package,
27 error not with npm itself.
27 error Tell the author that this fails on your system:
27 error     hs -a localhost -p 9000 -o
27 error You can get information on how to open an issue for this project with:
27 error     npm bugs angular-boilerplate
27 error Or if that isn't available, you can get their info via:
27 error     npm owner ls angular-boilerplate
27 error There is likely additional logging output above.
28 verbose exit [ 1, true ]
